0 info it worked if it ends with ok
1 verbose cli [ 'C:\\Program Files\\nodejs\\\\node.exe',
1 verbose cli   'C:\\Program Files\\nodejs\\node_modules\\npm\\bin\\npm-cli.js',
1 verbose cli   'install',
1 verbose cli   '-g',
1 verbose cli   'n@latest' ]
2 info using npm@2.11.3
3 info using node@v0.12.7
4 verbose install initial load of C:\Users\Victor Souto\AppData\Roaming\npm\package.json
5 verbose readDependencies loading dependencies from C:\Users\Victor Souto\AppData\Roaming\npm\package.json
6 silly cache add args [ 'n@latest', null ]
7 verbose cache add spec n@latest
8 silly cache add parsed spec { raw: 'n@latest',
8 silly cache add   scope: null,
8 silly cache add   name: 'n',
8 silly cache add   rawSpec: 'latest',
8 silly cache add   spec: 'latest',
8 silly cache add   type: 'tag' }
9 silly addNamed n@latest
10 verbose addNamed "latest" is being treated as a dist-tag for n
11 info addNameTag [ 'n', 'latest' ]
12 silly mapToRegistry name n
13 silly mapToRegistry using default registry
14 silly mapToRegistry registry https://registry.npmjs.org/
15 silly mapToRegistry uri https://registry.npmjs.org/n
16 verbose addNameTag registry:https://registry.npmjs.org/n not in flight; fetching
17 verbose request uri https://registry.npmjs.org/n
18 verbose request no auth needed
19 info attempt registry request try #1 at 15:54:55
20 verbose request id deb4b4f0416b6446
21 verbose etag "584f1c1f-f9ff"
22 http request GET https://registry.npmjs.org/n
23 http 304 https://registry.npmjs.org/n
24 silly get cb [ 304,
24 silly get   { date: 'Mon, 19 Dec 2016 17:54:57 GMT',
24 silly get     via: '1.1 varnish',
24 silly get     'cache-control': 'max-age=300',
24 silly get     etag: '"584f1c1f-f9ff"',
24 silly get     age: '81',
24 silly get     connection: 'keep-alive',
24 silly get     'x-served-by': 'cache-gru7122-GRU',
24 silly get     'x-cache': 'HIT',
24 silly get     'x-cache-hits': '1',
24 silly get     'x-timer': 'S1482170097.302682,VS0,VE0',
24 silly get     vary: 'Accept-Encoding' } ]
25 verbose etag https://registry.npmjs.org/n from cache
26 verbose get saving n to C:\Users\Victor Souto\AppData\Roaming\npm-cache\registry.npmjs.org\n\.cache.json
27 silly addNameTag next cb for n with tag latest
28 silly addNamed n@2.1.4
29 verbose addNamed "2.1.4" is a plain semver version for n
30 silly cache afterAdd n@2.1.4
31 verbose afterAdd C:\Users\Victor Souto\AppData\Roaming\npm-cache\n\2.1.4\package\package.json not in flight; writing
32 verbose afterAdd C:\Users\Victor Souto\AppData\Roaming\npm-cache\n\2.1.4\package\package.json written
33 silly install resolved [ { name: 'n',
33 silly install resolved     description: 'Interactively Manage All Your Node Versions',
33 silly install resolved     version: '2.1.4',
33 silly install resolved     author: { name: 'TJ Holowaychuk', email: 'tj@vision-media.ca' },
33 silly install resolved     homepage: 'https://github.com/tj/n',
33 silly install resolved     bugs: { url: 'https://github.com/tj/n/issues' },
33 silly install resolved     contributors: [ [Object], [Object], [Object] ],
33 silly install resolved     keywords:
33 silly install resolved      [ 'nvm',
33 silly install resolved        'node',
33 silly install resolved        'version',
33 silly install resolved        'manager',
33 silly install resolved        'switcher',
33 silly install resolved        'node',
33 silly install resolved        'binary',
33 silly install resolved        'env' ],
33 silly install resolved     bin: { n: './bin/n' },
33 silly install resolved     repository: { type: 'git', url: 'git://github.com/tj/n.git' },
33 silly install resolved     preferGlobal: true,
33 silly install resolved     os: [ '!win32' ],
33 silly install resolved     engines: { node: '*' },
33 silly install resolved     license: 'MIT',
33 silly install resolved     gitHead: 'ff9ba303d972069903c0f951ece43f47adce24e8',
33 silly install resolved     _id: 'n@2.1.4',
33 silly install resolved     scripts: {},
33 silly install resolved     _shasum: '7546bc467a120cc96718f2716cd86c43290f94c5',
33 silly install resolved     _from: 'n@latest',
33 silly install resolved     _npmVersion: '3.10.3',
33 silly install resolved     _nodeVersion: '6.3.1',
33 silly install resolved     _npmUser: { name: 'qw3rtman', email: 'me@nimit.io' },
33 silly install resolved     dist:
33 silly install resolved      { shasum: '7546bc467a120cc96718f2716cd86c43290f94c5',
33 silly install resolved        tarball: 'https://registry.npmjs.org/n/-/n-2.1.4.tgz' },
33 silly install resolved     maintainers: [ [Object], [Object], [Object], [Object], [Object], [Object] ],
33 silly install resolved     _npmOperationalInternal:
33 silly install resolved      { host: 'packages-16-east.internal.npmjs.com',
33 silly install resolved        tmp: 'tmp/n-2.1.4.tgz_1470600124670_0.21058935346081853' },
33 silly install resolved     directories: {},
33 silly install resolved     _resolved: 'https://registry.npmjs.org/n/-/n-2.1.4.tgz',
33 silly install resolved     readme: 'ERROR: No README data found!' } ]
34 info install n@2.1.4 into C:\Users\Victor Souto\AppData\Roaming\npm
35 info installOne n@2.1.4
36 verbose installOne of n to C:\Users\Victor Souto\AppData\Roaming\npm not in flight; installing
37 verbose lock using C:\Users\Victor Souto\AppData\Roaming\npm-cache\_locks\n-81cc6038fd3b773e.lock for C:\Users\Victor Souto\AppData\Roaming\npm\node_modules\n
38 verbose unlock done using C:\Users\Victor Souto\AppData\Roaming\npm-cache\_locks\n-81cc6038fd3b773e.lock for C:\Users\Victor Souto\AppData\Roaming\npm\node_modules\n
39 verbose stack Error: Unsupported
39 verbose stack     at checkPlatform (C:\Program Files\nodejs\node_modules\npm\node_modules\npm-install-checks\index.js:47:14)
39 verbose stack     at Array.<anonymous> (C:\Program Files\nodejs\node_modules\npm\node_modules\slide\lib\bind-actor.js:15:8)
39 verbose stack     at LOOP (C:\Program Files\nodejs\node_modules\npm\node_modules\slide\lib\chain.js:15:14)
39 verbose stack     at C:\Program Files\nodejs\node_modules\npm\node_modules\slide\lib\chain.js:18:7
39 verbose stack     at checkEngine (C:\Program Files\nodejs\node_modules\npm\node_modules\npm-install-checks\index.js:26:10)
39 verbose stack     at Array.<anonymous> (C:\Program Files\nodejs\node_modules\npm\node_modules\slide\lib\bind-actor.js:15:8)
39 verbose stack     at LOOP (C:\Program Files\nodejs\node_modules\npm\node_modules\slide\lib\chain.js:15:14)
39 verbose stack     at chain (C:\Program Files\nodejs\node_modules\npm\node_modules\slide\lib\chain.js:20:5)
39 verbose stack     at C:\Program Files\nodejs\node_modules\npm\lib\install.js:1037:5
39 verbose stack     at C:\Program Files\nodejs\node_modules\npm\lib\utils\locker.js:40:9
40 verbose pkgid n@2.1.4
41 verbose cwd C:\Projetos\Guitar-Tuner-App
42 error Windows_NT 6.1.7601
43 error argv "C:\\Program Files\\nodejs\\\\node.exe" "C:\\Program Files\\nodejs\\node_modules\\npm\\bin\\npm-cli.js" "install" "-g" "n@latest"
44 error node v0.12.7
45 error npm  v2.11.3
46 error code EBADPLATFORM
47 error notsup Unsupported
47 error notsup Not compatible with your operating system or architecture: n@2.1.4
47 error notsup Valid OS:    !win32
47 error notsup Valid Arch:  any
47 error notsup Actual OS:   win32
47 error notsup Actual Arch: x64
48 verbose exit [ 1, true ]
